#
# A fatal error has been detected by the Java Runtime Environment:
#
#  SIGSEGV (0xb) at pc=0x0000000127db33fd, pid=6715, tid=1811
#
# JRE version: Java(TM) SE Runtime Environment (8.0_25-b17) (build 1.8.0_25-b17)
# Java VM: Java HotSpot(TM) 64-Bit Server VM (25.25-b02 mixed mode bsd-amd64 compressed oops)
# Problematic frame:
# C  [libglass.dylib+0x163fd]  GlassScreenDidChangeScreenParameters+0x9d
#
# Failed to write core dump. Core dumps have been disabled. To enable core dumping, try "ulimit -c unlimited" before starting Java again
#
# If you would like to submit a bug report, please visit:
#   http://bugreport.sun.com/bugreport/crash.jsp
#

---------------  T H R E A D  ---------------

Current thread is native thread

siginfo: si_signo: 11 (SIGSEGV), si_code: 1 (SEGV_MAPERR), si_addr: 0x0000000000000000

Registers:
RAX=0x0000000127de5e40, RBX=0x0000000000000000, RCX=0x4f009110f1364151, RDX=0x00007ff54376a080
RSP=0x00007fff567c3100, RBP=0x00007fff567c3110, RSI=0x00007ff543402818, RDI=0x0000000000000000
R8 =0x00007fff567c2fb0, R9 =0x00007fff7e1b4300, R10=0x0000000000000000, R11=0x0000000000000246
R12=0x00007ff5437201a0, R13=0x00000000000f4268, R14=0x00007ff543574da0, R15=0x00007fff567c3250
RIP=0x0000000127db33fd, EFLAGS=0x0000000000010202, ERR=0x0000000000000004
  TRAPNO=0x000000000000000e

Top of Stack: (sp=0x00007fff567c3100)
0x00007fff567c3100:   00007fff567c32e0 00007ff543574da0
0x00007fff567c3110:   00007fff567c3120 00007fff8fdaccbc
0x00007fff567c3120:   00007fff567c3480 00007fff8fc9e1b4
0x00007fff567c3130:   00007ff5438ff000 0000000000001e00
0x00007fff567c3140:   0000000109454000 00007ff545cfc080
0x00007fff567c3150:   0000000000001003 0000000000002688
0x00007fff567c3160:   0000000000000004 00007ff543574da0
0x00007fff567c3170:   0000000000000000 00007fff567c3250
0x00007fff567c3180:   0000000000000000 00007ff543574d60
0x00007fff567c3190:   00007fff567c32d0 000000000000019b
0x00007fff567c31a0:   00000000000f4d45 00007ff543454f80
0x00007fff567c31b0:   00007ff543419e80 00007ff5437201a0
0x00007fff567c31c0:   0000000000000001 00000000000f4268
0x00007fff567c31d0:   00007ff543720190 00007fff99dacacb
0x00007fff567c31e0:   0000000000000001 0000000000000001
0x00007fff567c31f0:   0000000000000030 0000000000000001
0x00007fff567c3200:   00007fff567c3220 00007fff99db2231
0x00007fff567c3210:   00007fff7c9e7dd0 0000000000000000
0x00007fff567c3220:   00007fff567c3240 0000000000000035
0x00007fff567c3230:   0017f80300000000 00007ff5437201c4
0x00007fff567c3240:   0000000000000000 00007fff8fc93c8f
0x00007fff567c3250:   00007ff543574da0 00007fff7c9e7dd0
0x00007fff567c3260:   00007fff567c32e0 00007fff8fc9c7bf
0x00007fff567c3270:   0000000000000001 00007ff5437089a0
0x00007fff567c3280:   0000000109457a00 0000000000000002
0x00007fff567c3290:   0000000109454000 00007ff5434ae7c2
0x00007fff567c32a0:   0000000000000003 0000000109459800
0x00007fff567c32b0:   00007fff567c33a0 00007fff99dab2a2
0x00007fff567c32c0:   00007ff54362d7d0 00007fff567c3488
0x00007fff567c32d0:   0000000000000017 0000000000000000
0x00007fff567c32e0:   00000000000f4268 00007fff8fc93f83
0x00007fff567c32f0:   00007fff00000000 00007ff543632400 

Instructions: (pc=0x0000000127db33fd)
0x0000000127db33dd:   89 df 4c 89 f1 41 ff 90 68 04 00 00 48 8d 05 58
0x0000000127db33ed:   29 03 00 48 8b 30 48 8d 05 46 2a 03 00 48 8b 10
0x0000000127db33fd:   48 8b 0b 30 c0 48 89 df ff 91 68 04 00 00 48 8b
0x0000000127db340d:   03 48 89 df ff 50 78 48 85 c0 74 36 49 89 c6 48 

Register to memory mapping:

RAX=0x0000000127de5e40: jScreenNotifySettingsChanged+0 in /Library/Java/JavaVirtualMachines/jdk1.8.0_25.jdk/Contents/Home/jre/lib/libglass.dylib at 0x0000000127d9d000
RBX=0x0000000000000000 is an unknown value
RCX=0x4f009110f1364151 is an unknown value
RDX=0x00007ff54376a080 is an unknown value
RSP=0x00007fff567c3100 is an unknown value
RBP=0x00007fff567c3110 is an unknown value
RSI=0x00007ff543402818 is a global jni handle
RDI=0x0000000000000000 is an unknown value
R8 =0x00007fff567c2fb0 is an unknown value
R9 =0x00007fff7e1b4300: _thread+0 in /usr/lib/system/libsystem_pthread.dylib at 0x00007fff9abdb000
R10=0x0000000000000000 is an unknown value
R11=0x0000000000000246 is an unknown value
R12=0x00007ff5437201a0 is an unknown value
R13=0x00000000000f4268 is an unknown value
R14=0x00007ff543574da0 is an unknown value
R15=0x00007fff567c3250 is an unknown value


Stack: [0x00007fff55fc6000,0x00007fff567c6000],  sp=0x00007fff567c3100,  free space=8180k
Native frames: (J=compiled Java code, j=interpreted, Vv=VM code, C=native code)
C  [libglass.dylib+0x163fd]  GlassScreenDidChangeScreenParameters+0x9d
C  [CoreFoundation+0x11ecbc]  __CFNOTIFICATIONCENTER_IS_CALLING_OUT_TO_AN_OBSERVER__+0xc
C  [CoreFoundation+0x101b4]  _CFXNotificationPost+0xc44
C  [Foundation+0x2ea1]  -[NSNotificationCenter postNotificationName:object:userInfo:]+0x42
C  [AppKit+0x362dee]  -[NSApplication _reactToScreenInvalidationImmediately:]+0x17b
C  [AppKit+0x362c2d]  __44-[NSApplication _reactToScreenInvalidation:]_block_invoke+0x4b
C  [CoreFoundation+0x8054c]  __CFRUNLOOP_IS_CALLING_OUT_TO_A_BLOCK__+0xc
C  [CoreFoundation+0x72655]  __CFRunLoopDoBlocks+0x155
C  [CoreFoundation+0x72196]  __CFRunLoopRun+0x716
C  [CoreFoundation+0x71838]  CFRunLoopRunSpecific+0x128
C  [java+0x56cc]  CreateExecutionEnvironment+0x367
C  [java+0x165c]  JLI_Launch+0x7a0
C  [java+0x768a]  main+0x65
C  [java+0xeb4]  start+0x34


---------------  P R O C E S S  ---------------

VM state:at safepoint (normal execution)

VM Mutex/Monitor currently owned by a thread:  ([mutex/lock_event])
[0x00007ff543706d50] Threads_lock - owner thread: 0x00007ff543811000
[0x00007ff543707250] Heap_lock - owner thread: 0x00007ff545005800

Heap:
 PSYoungGen      total 76288K, used 62279K [0x000000076ab00000, 0x0000000770000000, 0x00000007c0000000)
  eden space 65536K, 95% used [0x000000076ab00000,0x000000076e7d1c48,0x000000076eb00000)
  from space 10752K, 0% used [0x000000076f580000,0x000000076f580000,0x0000000770000000)
  to   space 10752K, 0% used [0x000000076eb00000,0x000000076eb00000,0x000000076f580000)
 ParOldGen       total 175104K, used 0K [0x00000006c0000000, 0x00000006cab00000, 0x000000076ab00000)
  object space 175104K, 0% used [0x00000006c0000000,0x00000006c0000000,0x00000006cab00000)
 Metaspace       used 20001K, capacity 20764K, committed 20992K, reserved 1067008K
  class space    used 2813K, capacity 3018K, committed 3072K, reserved 1048576K

Card table byte_map: [0x000000011a1c0000,0x000000011a9c1000] byte_map_base: 0x0000000116bc0000

Marking Bits: (ParMarkBitMap*) 0x0000000109dd5390
 Begin Bits: [0x000000011b323000, 0x000000011f323000)
 End Bits:   [0x000000011f323000, 0x0000000123323000)

Polling page: 0x000000010a5b0000

CodeCache: size=245760Kb used=6469Kb max_used=6480Kb free=239290Kb
 bounds [0x000000010ae00000, 0x000000010b460000, 0x0000000119e00000]
 total_blobs=2815 nmethods=2120 adapters=608
 compilation: enabled

Compilation events (10 events):
Event: 274.594 Thread 0x00007ff544047800 2116       3       com.sun.javafx.tk.quantum.GlassViewEventHandler$$Lambda$156/63305622::<init> (33 bytes)
Event: 274.594 Thread 0x00007ff544047800 nmethod 2116 0x000000010b4509d0 code [0x000000010b450b40, 0x000000010b450d10]
Event: 275.404 Thread 0x00007ff544047800 2117       1       java.lang.invoke.MethodHandle::internalForm (5 bytes)
Event: 275.404 Thread 0x00007ff544047800 nmethod 2117 0x000000010b450dd0 code [0x000000010b450f20, 0x000000010b451030]
Event: 275.407 Thread 0x00007ff544047800 2118       3       com.sun.prism.impl.ManagedResource$WeakLinkedList::getResource (11 bytes)
Event: 275.408 Thread 0x00007ff544047800 nmethod 2118 0x000000010b451090 code [0x000000010b451200, 0x000000010b4514f0]
Event: 275.411 Thread 0x00007ff544047800 2120   !   3       sun.invoke.util.VerifyAccess::isTypeVisible (101 bytes)
Event: 275.412 Thread 0x00007ff545030000 2121       4       java.util.concurrent.atomic.AtomicBoolean::get (13 bytes)
Event: 275.412 Thread 0x00007ff544047800 nmethod 2120 0x000000010b451950 code [0x000000010b451ca0, 0x000000010b453918]
Event: 275.412 Thread 0x00007ff545030000 nmethod 2121 0x000000010b4573d0 code [0x000000010b457520, 0x000000010b457598]

GC Heap History (0 events):
No events

Deoptimization events (10 events):
Event: 0.863 Thread 0x00007ff544877800 Uncommon trap: reason=class_check action=maybe_recompile pc=0x000000010af2341c method=java.lang.String.equals(Ljava/lang/Object;)Z @ 8
Event: 0.976 Thread 0x00007ff544877800 Uncommon trap: reason=unloaded action=reinterpret pc=0x000000010b03b9d8 method=java.lang.CharacterData.of(I)Ljava/lang/CharacterData; @ 96
Event: 46.700 Thread 0x00007ff544877800 Uncommon trap: reason=class_check action=maybe_recompile pc=0x000000010b21fbcc method=java.util.HashMap.putVal(ILjava/lang/Object;Ljava/lang/Object;ZZ)Ljava/lang/Object; @ 253
Event: 46.700 Thread 0x00007ff544877800 Uncommon trap: reason=class_check action=maybe_recompile pc=0x000000010b21fbcc method=java.util.HashMap.putVal(ILjava/lang/Object;Ljava/lang/Object;ZZ)Ljava/lang/Object; @ 253
Event: 46.700 Thread 0x00007ff544877800 Uncommon trap: reason=class_check action=maybe_recompile pc=0x000000010b21fbcc method=java.util.HashMap.putVal(ILjava/lang/Object;Ljava/lang/Object;ZZ)Ljava/lang/Object; @ 253
Event: 46.700 Thread 0x00007ff544877800 Uncommon trap: reason=class_check action=maybe_recompile pc=0x000000010b21fbcc method=java.util.HashMap.putVal(ILjava/lang/Object;Ljava/lang/Object;ZZ)Ljava/lang/Object; @ 253
Event: 46.898 Thread 0x00007ff544877800 Uncommon trap: reason=class_check action=maybe_recompile pc=0x000000010b128854 method=java.io.DataInputStream.readChar()C @ 4
Event: 46.898 Thread 0x00007ff544877800 Uncommon trap: reason=class_check action=maybe_recompile pc=0x000000010b128854 method=java.io.DataInputStream.readChar()C @ 4
Event: 46.898 Thread 0x00007ff544877800 Uncommon trap: reason=class_check action=maybe_recompile pc=0x000000010b128854 method=java.io.DataInputStream.readChar()C @ 4
Event: 46.898 Thread 0x00007ff544877800 Uncommon trap: reason=class_check action=maybe_recompile pc=0x000000010b128854 method=java.io.DataInputStream.readChar()C @ 4

Internal exceptions (10 events):
Event: 47.134 Thread 0x00007ff544877800 Exception <a 'java/security/PrivilegedActionException'> (0x000000076e32aec0) thrown at [/HUDSON3/workspace/8-2-build-macosx-x86_64/jdk8u25/1514/hotspot/src/share/vm/prims/jvm.cpp, line 1312]
Event: 47.135 Thread 0x00007ff544877800 Exception <a 'java/security/PrivilegedActionException'> (0x000000076e33bc40) thrown at [/HUDSON3/workspace/8-2-build-macosx-x86_64/jdk8u25/1514/hotspot/src/share/vm/prims/jvm.cpp, line 1312]
Event: 47.136 Thread 0x00007ff544877800 Exception <a 'java/security/PrivilegedActionException'> (0x000000076e33efb8) thrown at [/HUDSON3/workspace/8-2-build-macosx-x86_64/jdk8u25/1514/hotspot/src/share/vm/prims/jvm.cpp, line 1312]
Event: 47.137 Thread 0x00007ff544877800 Exception <a 'java/security/PrivilegedActionException'> (0x000000076e345a30) thrown at [/HUDSON3/workspace/8-2-build-macosx-x86_64/jdk8u25/1514/hotspot/src/share/vm/prims/jvm.cpp, line 1312]
Event: 47.137 Thread 0x00007ff544877800 Exception <a 'java/security/PrivilegedActionException'> (0x000000076e348720) thrown at [/HUDSON3/workspace/8-2-build-macosx-x86_64/jdk8u25/1514/hotspot/src/share/vm/prims/jvm.cpp, line 1312]
Event: 47.137 Thread 0x00007ff544877800 Exception <a 'java/security/PrivilegedActionException'> (0x000000076e34b908) thrown at [/HUDSON3/workspace/8-2-build-macosx-x86_64/jdk8u25/1514/hotspot/src/share/vm/prims/jvm.cpp, line 1312]
Event: 47.196 Thread 0x00007ff544877800 Exception <a 'java/security/PrivilegedActionException'> (0x000000076e3782a8) thrown at [/HUDSON3/workspace/8-2-build-macosx-x86_64/jdk8u25/1514/hotspot/src/share/vm/prims/jvm.cpp, line 1312]
Event: 47.199 Thread 0x00007ff544877800 Exception <a 'java/security/PrivilegedActionException'> (0x000000076e395238) thrown at [/HUDSON3/workspace/8-2-build-macosx-x86_64/jdk8u25/1514/hotspot/src/share/vm/prims/jvm.cpp, line 1312]
Event: 47.200 Thread 0x00007ff544877800 Exception <a 'java/security/PrivilegedActionException'> (0x000000076e3972d0) thrown at [/HUDSON3/workspace/8-2-build-macosx-x86_64/jdk8u25/1514/hotspot/src/share/vm/prims/jvm.cpp, line 1312]
Event: 47.207 Thread 0x00007ff544877800 Exception <a 'java/lang/NoSuchMethodError': <clinit>> (0x000000076e3adec0) thrown at [/HUDSON3/workspace/8-2-build-macosx-x86_64/jdk8u25/1514/hotspot/src/share/vm/prims/jni.cpp, line 1603]

Events (10 events):
Event: 275.414 Thread 0x00007ff543877800 Thread exited: 0x00007ff543877800
Event: 275.414 Thread 0x00007ff54419b000 Thread exited: 0x00007ff54419b000
Event: 275.414 Thread 0x00007ff545005800 Thread exited: 0x00007ff545005800
Event: 275.414 Thread 0x00007ff545005800 Thread added: 0x00007ff545005800
Event: 275.414 Thread 0x00007ff544877800 Thread exited: 0x00007ff544877800
Event: 275.414 loading class java/util/IdentityHashMap$KeyIterator
Event: 275.414 loading class java/util/IdentityHashMap$IdentityHashMapIterator
Event: 275.414 loading class java/util/IdentityHashMap$IdentityHashMapIterator done
Event: 275.414 loading class java/util/IdentityHashMap$KeyIterator done
Event: 275.414 Thread 0x00007ff545005800 Thread exited: 0x00007ff545005800


Dynamic libraries:
0x000000000bda8000 	/System/Library/Frameworks/Cocoa.framework/Versions/A/Cocoa
0x000000000bda8000 	/System/Library/Frameworks/Security.framework/Versions/A/Security
0x000000000bda8000 	/System/Library/Frameworks/ApplicationServices.framework/Versions/A/ApplicationServices
0x000000000bda8000 	/usr/lib/libz.1.dylib
0x000000000bda8000 	/usr/lib/libSystem.B.dylib
0x000000000bda8000 	/usr/lib/libobjc.A.dylib
0x000000000bda8000 	/System/Library/Frameworks/CoreFoundation.framework/Versions/A/CoreFoundation
0x000000000bda8000 	/System/Library/Frameworks/Foundation.framework/Versions/C/Foundation
0x000000000bda8000 	/System/Library/Frameworks/AppKit.framework/Versions/C/AppKit
0x000000000bda8000 	/System/Library/Frameworks/CoreData.framework/Versions/A/CoreData
0x000000000bda8000 	/System/Library/PrivateFrameworks/RemoteViewServices.framework/Versions/A/RemoteViewServices
0x000000000bda8000 	/System/Library/PrivateFrameworks/UIFoundation.framework/Versions/A/UIFoundation
0x000000000bda8000 	/System/Library/Frameworks/IOSurface.framework/Versions/A/IOSurface
0x000000000bda8000 	/System/Library/Frameworks/AudioToolbox.framework/Versions/A/AudioToolbox
0x000000000bda8000 	/System/Library/Frameworks/AudioUnit.framework/Versions/A/AudioUnit
0x000000000bda8000 	/System/Library/PrivateFrameworks/DataDetectorsCore.framework/Versions/A/DataDetectorsCore
0x000000000bda8000 	/System/Library/PrivateFrameworks/DesktopServicesPriv.framework/Versions/A/DesktopServicesPriv
0x000000000bda8000 	/System/Library/Frameworks/Carbon.framework/Versions/A/Frameworks/HIToolbox.framework/Versions/A/HIToolbox
0x000000000bda8000 	/System/Library/Frameworks/QuartzCore.framework/Versions/A/QuartzCore
0x000000000bda8000 	/System/Library/Frameworks/Carbon.framework/Versions/A/Frameworks/SpeechRecognition.framework/Versions/A/SpeechRecognition
0x000000000bda8000 	/usr/lib/libauto.dylib
0x000000000bda8000 	/usr/lib/libicucore.A.dylib
0x000000000bda8000 	/usr/lib/libxml2.2.dylib
0x000000000bda8000 	/System/Library/PrivateFrameworks/CoreUI.framework/Versions/A/CoreUI
0x000000000bda8000 	/System/Library/Frameworks/CoreAudio.framework/Versions/A/CoreAudio
0x000000000bda8000 	/System/Library/Frameworks/DiskArbitration.framework/Versions/A/DiskArbitration
0x000000000bda8000 	/usr/lib/liblangid.dylib
0x000000000bda8000 	/System/Library/PrivateFrameworks/MultitouchSupport.framework/Versions/A/MultitouchSupport
0x000000000bda8000 	/System/Library/Frameworks/IOKit.framework/Versions/A/IOKit
0x000000000bda8000 	/usr/lib/libDiagnosticMessagesClient.dylib
0x000000000bda8000 	/System/Library/Frameworks/CoreServices.framework/Versions/A/CoreServices
0x000000000bda8000 	/System/Library/PrivateFrameworks/PerformanceAnalysis.framework/Versions/A/PerformanceAnalysis
0x000000000bda8000 	/System/Library/PrivateFrameworks/GenerationalStorage.framework/Versions/A/GenerationalStorage
0x000000000bda8000 	/System/Library/Frameworks/OpenGL.framework/Versions/A/OpenGL
0x000000000bda8000 	/System/Library/PrivateFrameworks/Sharing.framework/Versions/A/Sharing
0x000000000bda8000 	/System/Library/Frameworks/CoreGraphics.framework/Versions/A/CoreGraphics
0x000000000bda8000 	/System/Library/Frameworks/CoreText.framework/Versions/A/CoreText
0x000000000bda8000 	/System/Library/Frameworks/ImageIO.framework/Versions/A/ImageIO
0x000000000bda8000 	/usr/lib/libextension.dylib
0x000000000bda8000 	/System/Library/PrivateFrameworks/Backup.framework/Versions/A/Backup
0x000000000bda8000 	/usr/lib/libarchive.2.dylib
0x000000000bda8000 	/System/Library/Frameworks/CFNetwork.framework/Versions/A/CFNetwork
0x000000000bda8000 	/System/Library/Frameworks/SystemConfiguration.framework/Versions/A/SystemConfiguration
0x000000000bda8000 	/usr/lib/libCRFSuite.dylib
0x000000000bda8000 	/usr/lib/libc++.1.dylib
0x000000000bda8000 	/usr/lib/libc++abi.dylib
0x000000000bda8000 	/usr/lib/system/libcache.dylib
0x000000000bda8000 	/usr/lib/system/libcommonCrypto.dylib
0x000000000bda8000 	/usr/lib/system/libcompiler_rt.dylib
0x000000000bda8000 	/usr/lib/system/libcopyfile.dylib
0x000000000bda8000 	/usr/lib/system/libcorecrypto.dylib
0x000000000bda8000 	/usr/lib/system/libdispatch.dylib
0x000000000bda8000 	/usr/lib/system/libdyld.dylib
0x000000000bda8000 	/usr/lib/system/libkeymgr.dylib
0x000000000bda8000 	/usr/lib/system/liblaunch.dylib
0x000000000bda8000 	/usr/lib/system/libmacho.dylib
0x000000000bda8000 	/usr/lib/system/libquarantine.dylib
0x000000000bda8000 	/usr/lib/system/libremovefile.dylib
0x000000000bda8000 	/usr/lib/system/libsystem_asl.dylib
0x000000000bda8000 	/usr/lib/system/libsystem_blocks.dylib
0x000000000bda8000 	/usr/lib/system/libsystem_c.dylib
0x000000000bda8000 	/usr/lib/system/libsystem_configuration.dylib
0x000000000bda8000 	/usr/lib/system/libsystem_coreservices.dylib
0x000000000bda8000 	/usr/lib/system/libsystem_coretls.dylib
0x000000000bda8000 	/usr/lib/system/libsystem_dnssd.dylib
0x000000000bda8000 	/usr/lib/system/libsystem_info.dylib
0x000000000bda8000 	/usr/lib/system/libsystem_kernel.dylib
0x000000000bda8000 	/usr/lib/system/libsystem_m.dylib
0x000000000bda8000 	/usr/lib/system/libsystem_malloc.dylib
0x000000000bda8000 	/usr/lib/system/libsystem_network.dylib
0x000000000bda8000 	/usr/lib/system/libsystem_networkextension.dylib
0x000000000bda8000 	/usr/lib/system/libsystem_notify.dylib
0x000000000bda8000 	/usr/lib/system/libsystem_platform.dylib
0x000000000bda8000 	/usr/lib/system/libsystem_pthread.dylib
0x000000000bda8000 	/usr/lib/system/libsystem_sandbox.dylib
0x000000000bda8000 	/usr/lib/system/libsystem_secinit.dylib
0x000000000bda8000 	/usr/lib/system/libsystem_stats.dylib
0x000000000bda8000 	/usr/lib/system/libsystem_trace.dylib
0x000000000bda8000 	/usr/lib/system/libunc.dylib
0x000000000bda8000 	/usr/lib/system/libunwind.dylib
0x000000000bda8000 	/usr/lib/system/libxpc.dylib
0x000000000bda8000 	/usr/lib/libbz2.1.0.dylib
0x000000000bda8000 	/usr/lib/liblzma.5.dylib
0x000000000bda8000 	/usr/lib/libbsm.0.dylib
0x000000000bda8000 	/usr/lib/libsqlite3.dylib
0x000000000bda8000 	/usr/lib/system/libkxld.dylib
0x000000000bda8000 	/usr/lib/libxar.1.dylib
0x000000000bda8000 	/usr/lib/libpam.2.dylib
0x000000000bda8000 	/usr/lib/libOpenScriptingUtil.dylib
0x000000000bda8000 	/System/Library/Frameworks/CoreServices.framework/Versions/A/Frameworks/FSEvents.framework/Versions/A/FSEvents
0x000000000bda8000 	/System/Library/Frameworks/CoreServices.framework/Versions/A/Frameworks/CarbonCore.framework/Versions/A/CarbonCore
0x000000000bda8000 	/System/Library/Frameworks/CoreServices.framework/Versions/A/Frameworks/Metadata.framework/Versions/A/Metadata
0x000000000bda8000 	/System/Library/Frameworks/CoreServices.framework/Versions/A/Frameworks/OSServices.framework/Versions/A/OSServices
0x000000000bda8000 	/System/Library/Frameworks/CoreServices.framework/Versions/A/Frameworks/SearchKit.framework/Versions/A/SearchKit
0x000000000bda8000 	/System/Library/Frameworks/CoreServices.framework/Versions/A/Frameworks/AE.framework/Versions/A/AE
0x000000000bda8000 	/System/Library/Frameworks/CoreServices.framework/Versions/A/Frameworks/LaunchServices.framework/Versions/A/LaunchServices
0x000000000bda8000 	/System/Library/Frameworks/CoreServices.framework/Versions/A/Frameworks/DictionaryServices.framework/Versions/A/DictionaryServices
0x000000000bda8000 	/System/Library/Frameworks/NetFS.framework/Versions/A/NetFS
0x000000000bda8000 	/System/Library/PrivateFrameworks/NetAuth.framework/Versions/A/NetAuth
0x000000000bda8000 	/System/Library/PrivateFrameworks/login.framework/Versions/A/Frameworks/loginsupport.framework/Versions/A/loginsupport
0x000000000bda8000 	/System/Library/PrivateFrameworks/TCC.framework/Versions/A/TCC
0x000000000bda8000 	/usr/lib/libmecabra.dylib
0x000000000bda8000 	/System/Library/PrivateFrameworks/LanguageModeling.framework/Versions/A/LanguageModeling
0x000000000bda8000 	/usr/lib/libcmph.dylib
0x000000000bda8000 	/usr/lib/libiconv.2.dylib
0x000000000bda8000 	/System/Library/Frameworks/OpenDirectory.framework/Versions/A/Frameworks/CFOpenDirectory.framework/Versions/A/CFOpenDirectory
0x000000000bda8000 	/System/Library/Frameworks/ServiceManagement.framework/Versions/A/ServiceManagement
0x000000000bda8000 	/usr/lib/libxslt.1.dylib
0x000000000bda8000 	/System/Library/Frameworks/Carbon.framework/Versions/A/Frameworks/Ink.framework/Versions/A/Ink
0x000000000bda8000 	/System/Library/Frameworks/ApplicationServices.framework/Versions/A/Frameworks/ATS.framework/Versions/A/ATS
0x000000000bda8000 	/System/Library/Frameworks/ApplicationServices.framework/Versions/A/Frameworks/ColorSync.framework/Versions/A/ColorSync
0x000000000bda8000 	/System/Library/Frameworks/ApplicationServices.framework/Versions/A/Frameworks/HIServices.framework/Versions/A/HIServices
0x000000000bda8000 	/System/Library/Frameworks/ApplicationServices.framework/Versions/A/Frameworks/LangAnalysis.framework/Versions/A/LangAnalysis
0x000000000bda8000 	/System/Library/Frameworks/ApplicationServices.framework/Versions/A/Frameworks/PrintCore.framework/Versions/A/PrintCore
0x000000000bda8000 	/System/Library/Frameworks/ApplicationServices.framework/Versions/A/Frameworks/QD.framework/Versions/A/QD
0x000000000bda8000 	/System/Library/Frameworks/ApplicationServices.framework/Versions/A/Frameworks/SpeechSynthesis.framework/Versions/A/SpeechSynthesis
0x000000000bda8000 	/System/Library/Frameworks/Accelerate.framework/Versions/A/Accelerate
0x000000000bda8000 	/System/Library/Frameworks/Accelerate.framework/Versions/A/Frameworks/vImage.framework/Versions/A/vImage
0x000000000bda8000 	/System/Library/Frameworks/Accelerate.framework/Versions/A/Frameworks/vecLib.framework/Versions/A/vecLib
0x000000000bda8000 	/System/Library/Frameworks/Accelerate.framework/Versions/A/Frameworks/vecLib.framework/Versions/A/libvDSP.dylib
0x000000000bda8000 	/System/Library/Frameworks/Accelerate.framework/Versions/A/Frameworks/vecLib.framework/Versions/A/libvMisc.dylib
0x000000000bda8000 	/System/Library/Frameworks/Accelerate.framework/Versions/A/Frameworks/vecLib.framework/Versions/A/libLAPACK.dylib
0x000000000bda8000 	/System/Library/Frameworks/Accelerate.framework/Versions/A/Frameworks/vecLib.framework/Versions/A/libBLAS.dylib
0x000000000bda8000 	/System/Library/Frameworks/Accelerate.framework/Versions/A/Frameworks/vecLib.framework/Versions/A/libLinearAlgebra.dylib
0x000000000bda8000 	/System/Library/Frameworks/ApplicationServices.framework/Versions/A/Frameworks/ATS.framework/Versions/A/Resources/libFontParser.dylib
0x000000000bda8000 	/System/Library/Frameworks/ApplicationServices.framework/Versions/A/Frameworks/ATS.framework/Versions/A/Resources/libFontRegistry.dylib
0x000000000bda8000 	/System/Library/PrivateFrameworks/AppleVPA.framework/Versions/A/AppleVPA
0x000000000bda8000 	/System/Library/PrivateFrameworks/AppleJPEG.framework/Versions/A/AppleJPEG
0x000000000bda8000 	/System/Library/Frameworks/ImageIO.framework/Versions/A/Resources/libJPEG.dylib
0x000000000bda8000 	/System/Library/Frameworks/ImageIO.framework/Versions/A/Resources/libTIFF.dylib
0x000000000bda8000 	/System/Library/Frameworks/ImageIO.framework/Versions/A/Resources/libPng.dylib
0x000000000bda8000 	/System/Library/Frameworks/ImageIO.framework/Versions/A/Resources/libGIF.dylib
0x000000000bda8000 	/System/Library/Frameworks/ImageIO.framework/Versions/A/Resources/libJP2.dylib
0x000000000bda8000 	/System/Library/Frameworks/ImageIO.framework/Versions/A/Resources/libRadiance.dylib
0x000000000bda8000 	/System/Library/Frameworks/CoreVideo.framework/Versions/A/CoreVideo
0x000000000bda8000 	/System/Library/Frameworks/OpenGL.framework/Versions/A/Libraries/libGLU.dylib
0x000000000bda8000 	/System/Library/Frameworks/OpenGL.framework/Versions/A/Libraries/libGFXShared.dylib
0x000000000bda8000 	/System/Library/Frameworks/OpenGL.framework/Versions/A/Libraries/libGL.dylib
0x000000000bda8000 	/System/Library/Frameworks/OpenGL.framework/Versions/A/Libraries/libGLImage.dylib
0x000000000bda8000 	/System/Library/Frameworks/OpenGL.framework/Versions/A/Libraries/libCVMSPluginSupport.dylib
0x000000000bda8000 	/System/Library/Frameworks/OpenGL.framework/Versions/A/Libraries/libCoreVMClient.dylib
0x000000000bda8000 	/usr/lib/libcups.2.dylib
0x000000000bda8000 	/System/Library/Frameworks/Kerberos.framework/Versions/A/Kerberos
0x000000000bda8000 	/System/Library/Frameworks/GSS.framework/Versions/A/GSS
0x000000000bda8000 	/usr/lib/libresolv.9.dylib
0x000000000bda8000 	/System/Library/PrivateFrameworks/Heimdal.framework/Versions/A/Heimdal
0x000000000bda8000 	/usr/lib/libheimdal-asn1.dylib
0x000000000bda8000 	/System/Library/Frameworks/OpenDirectory.framework/Versions/A/OpenDirectory
0x000000000bda8000 	/System/Library/PrivateFrameworks/CommonAuth.framework/Versions/A/CommonAuth
0x000000000bda8000 	/System/Library/Frameworks/SecurityFoundation.framework/Versions/A/SecurityFoundation
0x000000000bda8000 	/System/Library/Frameworks/QuartzCore.framework/Versions/A/Frameworks/CoreImage.framework/Versions/A/CoreImage
0x000000000bda8000 	/System/Library/PrivateFrameworks/CrashReporterSupport.framework/Versions/A/CrashReporterSupport
0x000000000bda8000 	/System/Library/Frameworks/OpenCL.framework/Versions/A/OpenCL
0x000000000bda8000 	/System/Library/PrivateFrameworks/FaceCore.framework/Versions/A/FaceCore
0x000000000bda8000 	/System/Library/PrivateFrameworks/Ubiquity.framework/Versions/A/Ubiquity
0x000000000bda8000 	/System/Library/PrivateFrameworks/IconServices.framework/Versions/A/IconServices
0x000000000bda8000 	/System/Library/PrivateFrameworks/ChunkingLibrary.framework/Versions/A/ChunkingLibrary
0x000000000bda8000 	/System/Library/PrivateFrameworks/Apple80211.framework/Versions/A/Apple80211
0x000000000bda8000 	/System/Library/Frameworks/CoreWLAN.framework/Versions/A/CoreWLAN
0x000000000bda8000 	/System/Library/Frameworks/IOBluetooth.framework/Versions/A/IOBluetooth
0x000000000bda8000 	/System/Library/PrivateFrameworks/CoreWiFi.framework/Versions/A/CoreWiFi
0x000000000bda8000 	/System/Library/Frameworks/CoreBluetooth.framework/Versions/A/CoreBluetooth
0x000000000bda8000 	/System/Library/PrivateFrameworks/DebugSymbols.framework/Versions/A/DebugSymbols
0x000000000bda8000 	/System/Library/PrivateFrameworks/CoreSymbolication.framework/Versions/A/CoreSymbolication
0x000000000bda8000 	/System/Library/PrivateFrameworks/Symbolication.framework/Versions/A/Symbolication
0x000000000bda8000 	/System/Library/PrivateFrameworks/SpeechRecognitionCore.framework/Versions/A/SpeechRecognitionCore
0x0000000109538000 	/Library/Java/JavaVirtualMachines/jdk1.8.0_25.jdk/Contents/Home/jre/lib/server/libjvm.dylib
0x000000000bda8000 	/usr/lib/libstdc++.6.dylib
0x000000010a56a000 	/Library/Java/JavaVirtualMachines/jdk1.8.0_25.jdk/Contents/Home/jre/lib/libverify.dylib
0x000000010a57c000 	/Library/Java/JavaVirtualMachines/jdk1.8.0_25.jdk/Contents/Home/jre/lib/libjava.dylib
0x000000010a5ba000 	/Library/Java/JavaVirtualMachines/jdk1.8.0_25.jdk/Contents/Home/jre/lib/libzip.dylib
0x000000012591f000 	/System/Library/Frameworks/JavaVM.framework/Frameworks/JavaRuntimeSupport.framework/JavaRuntimeSupport
0x000000010a5ec000 	/System/Library/Frameworks/JavaVM.framework/Versions/A/Frameworks/JavaNativeFoundation.framework/Versions/A/JavaNativeFoundation
0x0000000125935000 	/System/Library/Frameworks/JavaVM.framework/Versions/A/JavaVM
0x000000000bda8000 	/System/Library/Frameworks/Carbon.framework/Versions/A/Carbon
0x0000000125941000 	/System/Library/PrivateFrameworks/JavaLaunching.framework/Versions/A/JavaLaunching
0x000000000bda8000 	/System/Library/Frameworks/Carbon.framework/Versions/A/Frameworks/CommonPanels.framework/Versions/A/CommonPanels
0x000000000bda8000 	/System/Library/Frameworks/Carbon.framework/Versions/A/Frameworks/Help.framework/Versions/A/Help
0x000000000bda8000 	/System/Library/Frameworks/Carbon.framework/Versions/A/Frameworks/ImageCapture.framework/Versions/A/ImageCapture
0x000000000bda8000 	/System/Library/Frameworks/Carbon.framework/Versions/A/Frameworks/OpenScripting.framework/Versions/A/OpenScripting
0x000000000bda8000 	/System/Library/Frameworks/Carbon.framework/Versions/A/Frameworks/Print.framework/Versions/A/Print
0x000000000bda8000 	/System/Library/Frameworks/Carbon.framework/Versions/A/Frameworks/SecurityHI.framework/Versions/A/SecurityHI
0x00000001278f0000 	/Library/Java/JavaVirtualMachines/jdk1.8.0_25.jdk/Contents/Home/jre/lib/libprism_es2.dylib
0x000000000bda8000 	/System/Library/Frameworks/OpenGL.framework/Versions/A/Resources/GLEngine.bundle/GLEngine
0x000000000bda8000 	/System/Library/Frameworks/OpenGL.framework/Versions/A/Libraries/libGLProgrammability.dylib
0x0000000000000000 	/System/Library/Extensions/AppleIntelHD5000GraphicsGLDriver.bundle/Contents/MacOS/AppleIntelHD5000GraphicsGLDriver
0x000000000bda8000 	/System/Library/PrivateFrameworks/IOAccelerator.framework/Versions/A/IOAccelerator
0x000000000bda8000 	/System/Library/PrivateFrameworks/GPUSupport.framework/Versions/A/Libraries/libGPUSupportMercury.dylib
0x000000000bda8000 	/System/Library/Frameworks/OpenGL.framework/Versions/A/Resources/GLRendererFloat.bundle/GLRendererFloat
0x000000000bda8000 	/System/Library/Frameworks/OpenCL.framework/Versions/A/Libraries/libcldcpuengine.dylib
0x000000000bda8000 	/System/Library/PrivateFrameworks/DiskImages.framework/Versions/A/DiskImages
0x000000000bda8000 	/System/Library/Frameworks/DiscRecording.framework/Versions/A/DiscRecording
0x000000000bda8000 	/usr/lib/libcsfde.dylib
0x000000000bda8000 	/usr/lib/libcurl.4.dylib
0x000000000bda8000 	/System/Library/PrivateFrameworks/MediaKit.framework/Versions/A/MediaKit
0x000000000bda8000 	/System/Library/PrivateFrameworks/ProtectedCloudStorage.framework/Versions/A/ProtectedCloudStorage
0x000000000bda8000 	/usr/lib/libCoreStorage.dylib
0x000000000bda8000 	/System/Library/PrivateFrameworks/EFILogin.framework/Versions/A/EFILogin
0x000000000bda8000 	/usr/lib/libutil.dylib
0x000000000bda8000 	/System/Library/PrivateFrameworks/FindMyDevice.framework/Versions/A/FindMyDevice
0x000000000bda8000 	/System/Library/Frameworks/LDAP.framework/Versions/A/LDAP
0x000000000bda8000 	/usr/lib/libsasl2.2.dylib
0x000000000bda8000 	/System/Library/PrivateFrameworks/CoreDaemon.framework/Versions/B/CoreDaemon
0x000000000bda8000 	/usr/lib/libcrypto.0.9.8.dylib
0x000000000bda8000 	/System/Library/PrivateFrameworks/AppleSRP.framework/Versions/A/AppleSRP
0x000000000bda8000 	/System/Library/PrivateFrameworks/TrustEvaluationAgent.framework/Versions/A/TrustEvaluationAgent
0x0000000127d9d000 	/Library/Java/JavaVirtualMachines/jdk1.8.0_25.jdk/Contents/Home/jre/lib/libglass.dylib
0x000000000bda8000 	/System/Library/PrivateFrameworks/CoreServicesInternal.framework/Versions/A/CoreServicesInternal
0x000000000bda8000 	/System/Library/PrivateFrameworks/CloudDocs.framework/Versions/A/CloudDocs
0x000000000bda8000 	/System/Library/PrivateFrameworks/CoreDuet.framework/Versions/A/CoreDuet
0x000000000bda8000 	/System/Library/Frameworks/CloudKit.framework/Versions/A/CloudKit
0x000000000bda8000 	/System/Library/PrivateFrameworks/ProtocolBuffer.framework/Versions/A/ProtocolBuffer
0x000000000bda8000 	/System/Library/PrivateFrameworks/CoreDuetDaemonProtocol.framework/Versions/A/CoreDuetDaemonProtocol
0x000000000bda8000 	/System/Library/PrivateFrameworks/CoreDuetDebugLogging.framework/Versions/A/CoreDuetDebugLogging
0x000000000bda8000 	/System/Library/Frameworks/CoreLocation.framework/Versions/A/CoreLocation
0x000000000bda8000 	/System/Library/Frameworks/Accounts.framework/Versions/A/Accounts
0x000000000bda8000 	/System/Library/PrivateFrameworks/ApplePushService.framework/Versions/A/ApplePushService
0x000000000bda8000 	/System/Library/PrivateFrameworks/GeoServices.framework/Versions/A/GeoServices
0x000000000bda8000 	/System/Library/PrivateFrameworks/OAuth.framework/Versions/A/OAuth
0x000000000bda8000 	/System/Library/Frameworks/CoreGraphics.framework/Versions/A/Resources/libCGCMS.A.dylib
0x000000000bda8000 	/System/Library/CoreServices/RawCamera.bundle/Contents/MacOS/RawCamera
0x000000000bda8000 	/System/Library/Frameworks/CoreGraphics.framework/Versions/A/Resources/libRIP.A.dylib
0x000000000bda8000 	/System/Library/PrivateFrameworks/FamilyControls.framework/Versions/A/FamilyControls
0x000000000bda8000 	/System/Library/PrivateFrameworks/CommerceKit.framework/Versions/A/Frameworks/CommerceCore.framework/Versions/A/CommerceCore
0x000000000bda8000 	/System/Library/PrivateFrameworks/SystemAdministration.framework/Versions/A/SystemAdministration
0x000000000bda8000 	/System/Library/PrivateFrameworks/AppContainer.framework/Versions/A/AppContainer
0x000000000bda8000 	/System/Library/PrivateFrameworks/SecCodeWrapper.framework/Versions/A/SecCodeWrapper
0x000000000bda8000 	/System/Library/Frameworks/DirectoryService.framework/Versions/A/DirectoryService
0x000000000bda8000 	/System/Library/PrivateFrameworks/LoginUIKit.framework/Versions/A/Frameworks/LoginUICore.framework/Versions/A/LoginUICore
0x000000000bda8000 	/usr/lib/libodfde.dylib
0x000000012b687000 	/Library/Java/JavaVirtualMachines/jdk1.8.0_25.jdk/Contents/Home/jre/lib/libjavafx_font.dylib
0x000000000bda8000 	/System/Library/Frameworks/CoreGraphics.framework/Versions/A/Resources/libCGXType.A.dylib
0x000000012e0df000 	cl_kernels
0x000000012e0e1000 	/System/Library/Frameworks/OpenCL.framework/Versions/A/Libraries/ImageFormats/unorm8_bgra.dylib
0x000000012e0d7000 	cl_kernels
0x000000012e3e5000 	/Library/Java/JavaVirtualMachines/jdk1.8.0_25.jdk/Contents/Home/jre/lib/libprism_common.dylib
0x000000000bda8000 	/System/Library/PrivateFrameworks/FinderKit.framework/Versions/A/FinderKit
0x000000000bda8000 	/System/Library/PrivateFrameworks/Suggestions.framework/Versions/A/Suggestions
0x000000000bda8000 	/System/Library/Frameworks/Quartz.framework/Versions/A/Frameworks/QuickLookUI.framework/Versions/A/QuickLookUI
0x000000000bda8000 	/System/Library/Frameworks/Quartz.framework/Versions/A/Frameworks/ImageKit.framework/Versions/A/ImageKit
0x000000000bda8000 	/System/Library/PrivateFrameworks/Bom.framework/Versions/A/Bom
0x000000000bda8000 	/System/Library/Frameworks/QuickLook.framework/Versions/A/QuickLook
0x000000000bda8000 	/System/Library/PrivateFrameworks/AppleSystemInfo.framework/Versions/A/AppleSystemInfo
0x000000000bda8000 	/System/Library/Frameworks/ImageCaptureCore.framework/Versions/A/ImageCaptureCore
0x000000000bda8000 	/System/Library/Frameworks/AddressBook.framework/Versions/A/AddressBook
0x000000000bda8000 	/System/Library/PrivateFrameworks/IntlPreferences.framework/Versions/A/IntlPreferences
0x000000000bda8000 	/System/Library/PrivateFrameworks/ToneLibrary.framework/Versions/A/ToneLibrary
0x000000000bda8000 	/System/Library/PrivateFrameworks/ToneKit.framework/Versions/A/ToneKit
0x000000000bda8000 	/System/Library/PrivateFrameworks/vCard.framework/Versions/A/vCard
0x000000000bda8000 	/System/Library/PrivateFrameworks/ContactsData.framework/Versions/A/ContactsData
0x000000000bda8000 	/System/Library/PrivateFrameworks/ContactsFoundation.framework/Versions/A/ContactsFoundation
0x000000000bda8000 	/System/Library/Frameworks/SecurityInterface.framework/Versions/A/SecurityInterface
0x000000000bda8000 	/System/Library/PrivateFrameworks/PhoneNumbers.framework/Versions/A/PhoneNumbers
0x000000000bda8000 	/System/Library/Frameworks/Quartz.framework/Versions/A/Quartz
0x000000000bda8000 	/System/Library/Frameworks/AVFoundation.framework/Versions/A/AVFoundation
0x000000000bda8000 	/System/Library/Frameworks/AVFoundation.framework/Versions/A/Resources/libAVFAudio.dylib
0x000000000bda8000 	/System/Library/Frameworks/CoreMedia.framework/Versions/A/CoreMedia
0x000000000bda8000 	/System/Library/Frameworks/MediaToolbox.framework/Versions/A/MediaToolbox
0x000000000bda8000 	/System/Library/Frameworks/VideoToolbox.framework/Versions/A/VideoToolbox
0x000000000bda8000 	/System/Library/Frameworks/CoreMediaIO.framework/Versions/A/CoreMediaIO
0x000000000bda8000 	/System/Library/PrivateFrameworks/MediaControlSender.framework/Versions/A/MediaControlSender
0x000000000bda8000 	/System/Library/PrivateFrameworks/CoreAVCHD.framework/Versions/A/CoreAVCHD
0x000000000bda8000 	/System/Library/Frameworks/MediaAccessibility.framework/Versions/A/MediaAccessibility
0x000000000bda8000 	/System/Library/PrivateFrameworks/Mangrove.framework/Versions/A/Mangrove
0x000000000bda8000 	/System/Library/PrivateFrameworks/CoreAUC.framework/Versions/A/CoreAUC
0x000000000bda8000 	/System/Library/PrivateFrameworks/NetworkStatistics.framework/Versions/A/NetworkStatistics
0x000000000bda8000 	/System/Library/PrivateFrameworks/AirPlaySupport.framework/Versions/A/AirPlaySupport
0x000000000bda8000 	/System/Library/PrivateFrameworks/CoreUtils.framework/Versions/A/CoreUtils
0x000000000bda8000 	/System/Library/PrivateFrameworks/AppleVA.framework/Versions/A/AppleVA
0x000000000bda8000 	/System/Library/PrivateFrameworks/XPCService.framework/Versions/A/XPCService
0x000000000bda8000 	/System/Library/PrivateFrameworks/AppSandbox.framework/Versions/A/AppSandbox
0x000000000bda8000 	/usr/lib/libsandbox.1.dylib
0x000000000bda8000 	/usr/lib/libMatch.1.dylib
0x000000000bda8000 	/usr/lib/libspindump.dylib
0x000000000bda8000 	/System/Library/Frameworks/QTKit.framework/Versions/A/QTKit
0x000000000bda8000 	/System/Library/PrivateFrameworks/CoreMediaAuthoring.framework/Versions/A/CoreMediaAuthoring
0x000000000bda8000 	/System/Library/Frameworks/Quartz.framework/Versions/A/Frameworks/QuartzComposer.framework/Versions/A/QuartzComposer
0x000000000bda8000 	/System/Library/Frameworks/Quartz.framework/Versions/A/Frameworks/PDFKit.framework/Versions/A/PDFKit
0x000000000bda8000 	/System/Library/Frameworks/Quartz.framework/Versions/A/Frameworks/QuartzFilters.framework/Versions/A/QuartzFilters
0x000000000bda8000 	/System/Library/Frameworks/JavaScriptCore.framework/Versions/A/JavaScriptCore
0x000000000bda8000 	/System/Library/PrivateFrameworks/CorePDF.framework/Versions/A/CorePDF
0x000000000bda8000 	/System/Library/PrivateFrameworks/DisplayServices.framework/Versions/A/DisplayServices
0x000000000bda8000 	/System/Library/PrivateFrameworks/AppleFSCompression.framework/Versions/A/AppleFSCompression
0x000000012956b000 	/System/Library/PrivateFrameworks/CacheDelete.framework/CacheDelete
0x000000000bda8000 	/System/Library/PrivateFrameworks/PlugInKit.framework/Versions/A/PlugInKit
0x000000012958c000 	/System/Library/PrivateFrameworks/FileProvider.framework/FileProvider
0x000000012b467000 	cl_kernels
0x000000012b463000 	cl_kernels
0x000000012b479000 	cl_kernels
0x0000000132078000 	/System/Library/Frameworks/OpenCL.framework/Versions/A/Libraries/ImageFormats/unorm8_rgba.dylib
0x000000012dfd4000 	/System/Library/Frameworks/Quartz.framework/Versions/A/Frameworks/QuickLookUI.framework/Versions/A/PlugIns/Text.qldisplay/Contents/MacOS/Text
0x000000000bda8000 	/System/Library/Frameworks/ApplicationServices.framework/Versions/A/Frameworks/ATS.framework/Versions/A/Resources/libTrueTypeScaler.dylib
0x0000000125a5e000 	/Library/Java/JavaVirtualMachines/jdk1.8.0_25.jdk/Contents/Home/jre/lib/libsunec.dylib
0x0000000125a8c000 	/Library/Java/JavaVirtualMachines/jdk1.8.0_25.jdk/Contents/Home/jre/lib/libnet.dylib

VM Arguments:
jvm_args: -Dfile.encoding=UTF-8 
java_command: controller.Login
java_class_path (initial): /Users/tonyfrancis/Documents/workspace/TweetBase/bin:/Users/tonyfrancis/Documents/workspace/twitter4j-4/lib/twitter4j-core-4.0.2.jar:/Applications/eclipse/plugins/org.eclipse.fx.ide.css.jfx8_1.0.0.201408150702.jar
Launcher Type: SUN_STANDARD

Environment Variables:
PATH=/usr/bin:/bin:/usr/sbin:/sbin
SHELL=/bin/bash

Signal Handlers:
SIGSEGV: [libjvm.dylib+0x579dc7], sa_mask[0]=11111111011111110111111111111111, sa_flags=SA_ONSTACK|SA_RESTART|SA_SIGINFO
SIGBUS: [libjvm.dylib+0x579dc7], sa_mask[0]=11111111011111110111111111111111, sa_flags=SA_RESTART|SA_SIGINFO
SIGFPE: [libjvm.dylib+0x45b030], sa_mask[0]=11111111011111110111111111111111, sa_flags=SA_RESTART|SA_SIGINFO
SIGPIPE: [libjvm.dylib+0x45b030], sa_mask[0]=11111111011111110111111111111111, sa_flags=SA_RESTART|SA_SIGINFO
SIGXFSZ: [libjvm.dylib+0x45b030], sa_mask[0]=11111111011111110111111111111111, sa_flags=SA_RESTART|SA_SIGINFO
SIGILL: [libjvm.dylib+0x45b030], sa_mask[0]=11111111011111110111111111111111, sa_flags=SA_RESTART|SA_SIGINFO
SIGUSR1: SIG_DFL, sa_mask[0]=00000000000000000000000000000000, sa_flags=none
SIGUSR2: [libjvm.dylib+0x45ab4e], sa_mask[0]=00100000000000000000000000000000, sa_flags=SA_RESTART|SA_SIGINFO
SIGHUP: [libjvm.dylib+0x459121], sa_mask[0]=11111111011111110111111111111111, sa_flags=SA_RESTART|SA_SIGINFO
SIGINT: [libjvm.dylib+0x459121], sa_mask[0]=11111111011111110111111111111111, sa_flags=SA_RESTART|SA_SIGINFO
SIGTERM: [libjvm.dylib+0x459121], sa_mask[0]=11111111011111110111111111111111, sa_flags=SA_RESTART|SA_SIGINFO
SIGQUIT: [libjvm.dylib+0x459121], sa_mask[0]=11111111011111110111111111111111, sa_flags=SA_RESTART|SA_SIGINFO


---------------  S Y S T E M  ---------------

OS:Bsduname:Darwin 14.0.0 Darwin Kernel Version 14.0.0: Fri Sep 19 00:26:44 PDT 2014; root:xnu-2782.1.97~2/RELEASE_X86_64 x86_64
rlimit: STACK 8192k, CORE 0k, NPROC 709, NOFILE 10240, AS infinity
load average:2.90 2.42 2.03

CPU:total 4 (2 cores per cpu, 2 threads per core) family 6 model 69 stepping 1, cmov, cx8, fxsr, mmx, sse, sse2, sse3, ssse3, sse4.1, sse4.2, popcnt, avx, avx2, aes, clmul, erms, lzcnt, ht, tsc, tscinvbit, bmi1, bmi2

Memory: 4k page, physical 16777216k(2906224k free)

/proc/meminfo:


vm_info: Java HotSpot(TM) 64-Bit Server VM (25.25-b02) for bsd-amd64 JRE (1.8.0_25-b17), built on Sep 17 2014 16:56:50 by "java_re" with gcc 4.2.1 (Based on Apple Inc. build 5658) (LLVM build 2336.11.00)

time: Thu Dec 18 17:23:50 2014
elapsed time: 275 seconds (0d 0h 4m 35s)

